# JRE version: Java(TM) SE Runtime Environment (8.0_101-b13) (build 1.8.0_101-b13)
# Java VM: Java HotSpot(TM) 64-Bit Server VM (25.101-b13 mixed mode linux-amd64 compressed oops)
Heap:
 PSYoungGen      total 286720K, used 16227K [0x00000000eab00000, 0x0000000100000000, 0x0000000100000000)
  eden space 226304K, 0% used [0x00000000eab00000,0x00000000eab00000,0x00000000f8800000)
  from space 60416K, 26% used [0x00000000fc500000,0x00000000fd4d8f78,0x0000000100000000)
  to   space 61440K, 0% used [0x00000000f8800000,0x00000000f8800000,0x00000000fc400000)
 ParOldGen       total 219136K, used 218797K [0x00000000c0000000, 0x00000000cd600000, 0x00000000eab00000)
  object space 219136K, 99% used [0x00000000c0000000,0x00000000cd5ab6c0,0x00000000cd600000)
 Metaspace       used 6640K, capacity 7320K, committed 7680K, reserved 1056768K
  class space    used 621K, capacity 656K, committed 768K, reserved 1048576K
GC Heap History (10 events):
Event: 7.541 GC heap after
Heap after GC invocations=15 (full 2):
 PSYoungGen      total 272384K, used 35804K [0x00000000eab00000, 0x0000000100000000, 0x0000000100000000)
  eden space 236032K, 0% used [0x00000000eab00000,0x00000000eab00000,0x00000000f9180000)
  from space 36352K, 98% used [0x00000000f9180000,0x00000000fb4773f8,0x00000000fb500000)
  to   space 42496K, 0% used [0x00000000fd680000,0x00000000fd680000,0x0000000100000000)
 ParOldGen       total 138240K, used 103182K [0x00000000c0000000, 0x00000000c8700000, 0x00000000eab00000)
  object space 138240K, 74% used [0x00000000c0000000,0x00000000c64c3ad0,0x00000000c8700000)
 Metaspace       used 6551K, capacity 7320K, committed 7680K, reserved 1056768K
  class space    used 615K, capacity 656K, committed 768K, reserved 1048576K
}
Event: 8.643 GC heap before
{Heap before GC invocations=16 (full 2):
 PSYoungGen      total 272384K, used 271836K [0x00000000eab00000, 0x0000000100000000, 0x0000000100000000)
  eden space 236032K, 100% used [0x00000000eab00000,0x00000000f9180000,0x00000000f9180000)
  from space 36352K, 98% used [0x00000000f9180000,0x00000000fb4773f8,0x00000000fb500000)
  to   space 42496K, 0% used [0x00000000fd680000,0x00000000fd680000,0x0000000100000000)
 ParOldGen       total 138240K, used 103182K [0x00000000c0000000, 0x00000000c8700000, 0x00000000eab00000)
  object space 138240K, 74% used [0x00000000c0000000,0x00000000c64c3ad0,0x00000000c8700000)
 Metaspace       used 6558K, capacity 7320K, committed 7680K, reserved 1056768K
  class space    used 615K, capacity 656K, committed 768K, reserved 1048576K
Event: 11.054 GC heap after
Heap after GC invocations=16 (full 2):
 PSYoungGen      total 271872K, used 42494K [0x00000000eab00000, 0x0000000100000000, 0x0000000100000000)
  eden space 229376K, 0% used [0x00000000eab00000,0x00000000eab00000,0x00000000f8b00000)
  from space 42496K, 99% used [0x00000000fd680000,0x00000000fffffaf8,0x0000000100000000)
  to   space 59904K, 0% used [0x00000000f8b00000,0x00000000f8b00000,0x00000000fc580000)
 ParOldGen       total 138240K, used 130240K [0x00000000c0000000, 0x00000000c8700000, 0x00000000eab00000)
  object space 138240K, 94% used [0x00000000c0000000,0x00000000c7f30200,0x00000000c8700000)
 Metaspace       used 6558K, capacity 7320K, committed 7680K, reserved 1056768K
  class space    used 615K, capacity 656K, committed 768K, reserved 1048576K
}
Event: 11.054 GC heap before
{Heap before GC invocations=17 (full 3):
 PSYoungGen      total 271872K, used 42494K [0x00000000eab00000, 0x0000000100000000, 0x0000000100000000)
  eden space 229376K, 0% used [0x00000000eab00000,0x00000000eab00000,0x00000000f8b00000)
  from space 42496K, 99% used [0x00000000fd680000,0x00000000fffffaf8,0x0000000100000000)
  to   space 59904K, 0% used [0x00000000f8b00000,0x00000000f8b00000,0x00000000fc580000)
 ParOldGen       total 138240K, used 130240K [0x00000000c0000000, 0x00000000c8700000, 0x00000000eab00000)
  object space 138240K, 94% used [0x00000000c0000000,0x00000000c7f30200,0x00000000c8700000)
 Metaspace       used 6558K, capacity 7320K, committed 7680K, reserved 1056768K
  class space    used 615K, capacity 656K, committed 768K, reserved 1048576K
Event: 12.756 GC heap after
Heap after GC invocations=17 (full 3):
 PSYoungGen      total 271872K, used 33164K [0x00000000eab00000, 0x0000000100000000, 0x0000000100000000)
  eden space 229376K, 0% used [0x00000000eab00000,0x00000000eab00000,0x00000000f8b00000)
  from space 42496K, 78% used [0x00000000fd680000,0x00000000ff6e30f8,0x0000000100000000)
  to   space 59904K, 0% used [0x00000000f8b00000,0x00000000f8b00000,0x00000000fc580000)
 ParOldGen       total 219136K, used 138148K [0x00000000c0000000, 0x00000000cd600000, 0x00000000eab00000)
  object space 219136K, 63% used [0x00000000c0000000,0x00000000c86e9270,0x00000000cd600000)
 Metaspace       used 6558K, capacity 7320K, committed 7680K, reserved 1056768K
  class space    used 615K, capacity 656K, committed 768K, reserved 1048576K
}
Event: 13.517 GC heap before
{Heap before GC invocations=18 (full 3):
 PSYoungGen      total 271872K, used 262540K [0x00000000eab00000, 0x0000000100000000, 0x0000000100000000)
  eden space 229376K, 100% used [0x00000000eab00000,0x00000000f8b00000,0x00000000f8b00000)
  from space 42496K, 78% used [0x00000000fd680000,0x00000000ff6e30f8,0x0000000100000000)
  to   space 59904K, 0% used [0x00000000f8b00000,0x00000000f8b00000,0x00000000fc580000)
 ParOldGen       total 219136K, used 138148K [0x00000000c0000000, 0x00000000cd600000, 0x00000000eab00000)
  object space 219136K, 63% used [0x00000000c0000000,0x00000000c86e9270,0x00000000cd600000)
 Metaspace       used 6559K, capacity 7320K, committed 7680K, reserved 1056768K
  class space    used 615K, capacity 656K, committed 768K, reserved 1048576K
Event: 17.820 GC heap after
Heap after GC invocations=18 (full 3):
 PSYoungGen      total 263680K, used 34197K [0x00000000eab00000, 0x0000000100000000, 0x0000000100000000)
  eden space 229376K, 0% used [0x00000000eab00000,0x00000000eab00000,0x00000000f8b00000)
  from space 34304K, 99% used [0x00000000f8b00000,0x00000000fac657c8,0x00000000fac80000)
  to   space 60416K, 0% used [0x00000000fc500000,0x00000000fc500000,0x0000000100000000)
 ParOldGen       total 219136K, used 171306K [0x00000000c0000000, 0x00000000cd600000, 0x00000000eab00000)
  object space 219136K, 78% used [0x00000000c0000000,0x00000000ca74a870,0x00000000cd600000)
 Metaspace       used 6559K, capacity 7320K, committed 7680K, reserved 1056768K
  class space    used 615K, capacity 656K, committed 768K, reserved 1048576K
}
Event: 20.602 GC heap before
{Heap before GC invocations=19 (full 3):
 PSYoungGen      total 263680K, used 263573K [0x00000000eab00000, 0x0000000100000000, 0x0000000100000000)
  eden space 229376K, 100% used [0x00000000eab00000,0x00000000f8b00000,0x00000000f8b00000)
  from space 34304K, 99% used [0x00000000f8b00000,0x00000000fac657c8,0x00000000fac80000)
  to   space 60416K, 0% used [0x00000000fc500000,0x00000000fc500000,0x0000000100000000)
 ParOldGen       total 219136K, used 171306K [0x00000000c0000000, 0x00000000cd600000, 0x00000000eab00000)
  object space 219136K, 78% used [0x00000000c0000000,0x00000000ca74a870,0x00000000cd600000)
 Metaspace       used 6640K, capacity 7320K, committed 7680K, reserved 1056768K
  class space    used 621K, capacity 656K, committed 768K, reserved 1048576K
Event: 20.738 GC heap after
Heap after GC invocations=19 (full 3):
 PSYoungGen      total 286720K, used 34334K [0x00000000eab00000, 0x0000000100000000, 0x0000000100000000)
  eden space 226304K, 0% used [0x00000000eab00000,0x00000000eab00000,0x00000000f8800000)
  from space 60416K, 56% used [0x00000000fc500000,0x00000000fe687bc8,0x0000000100000000)
  to   space 61440K, 0% used [0x00000000f8800000,0x00000000f8800000,0x00000000fc400000)
 ParOldGen       total 219136K, used 204328K [0x00000000c0000000, 0x00000000cd600000, 0x00000000eab00000)
  object space 219136K, 93% used [0x00000000c0000000,0x00000000cc78a0c0,0x00000000cd600000)
 Metaspace       used 6640K, capacity 7320K, committed 7680K, reserved 1056768K
  class space    used 621K, capacity 656K, committed 768K, reserved 1048576K
}
Event: 20.903 GC heap before
{Heap before GC invocations=20 (full 4):
 PSYoungGen      total 286720K, used 34334K [0x00000000eab00000, 0x0000000100000000, 0x0000000100000000)
  eden space 226304K, 0% used [0x00000000eab00000,0x00000000eab00000,0x00000000f8800000)
  from space 60416K, 56% used [0x00000000fc500000,0x00000000fe687bc8,0x0000000100000000)
  to   space 61440K, 0% used [0x00000000f8800000,0x00000000f8800000,0x00000000fc400000)
 ParOldGen       total 219136K, used 204328K [0x00000000c0000000, 0x00000000cd600000, 0x00000000eab00000)
  object space 219136K, 93% used [0x00000000c0000000,0x00000000cc78a0c0,0x00000000cd600000)
 Metaspace       used 6640K, capacity 7320K, committed 7680K, reserved 1056768K
  class space    used 621K, capacity 656K, committed 768K, reserved 1048576K

