# JRE version: Java(TM) SE Runtime Environment (8.0_101-b13) (build 1.8.0_101-b13)
# Java VM: Java HotSpot(TM) 64-Bit Server VM (25.101-b13 mixed mode linux-amd64 compressed oops)
Heap:
 PSYoungGen      total 283648K, used 34199K [0x00000000eab00000, 0x0000000100000000, 0x0000000100000000)
  eden space 218112K, 0% used [0x00000000eab00000,0x00000000eab00000,0x00000000f8000000)
  from space 65536K, 52% used [0x00000000f8000000,0x00000000fa165fe8,0x00000000fc000000)
  to   space 65536K, 0% used [0x00000000fc000000,0x00000000fc000000,0x0000000100000000)
 ParOldGen       total 155648K, used 155540K [0x00000000c0000000, 0x00000000c9800000, 0x00000000eab00000)
  object space 155648K, 99% used [0x00000000c0000000,0x00000000c97e53c0,0x00000000c9800000)
 Metaspace       used 6568K, capacity 7320K, committed 7680K, reserved 1056768K
  class space    used 616K, capacity 656K, committed 768K, reserved 1048576K
GC Heap History (10 events):
Event: 8.590 GC heap after
Heap after GC invocations=11 (full 1):
 PSYoungGen      total 221184K, used 12286K [0x00000000eab00000, 0x00000000fe100000, 0x0000000100000000)
  eden space 208896K, 0% used [0x00000000eab00000,0x00000000eab00000,0x00000000f7700000)
  from space 12288K, 99% used [0x00000000fa380000,0x00000000faf7fb68,0x00000000faf80000)
  to   space 45568K, 0% used [0x00000000f7700000,0x00000000f7700000,0x00000000fa380000)
 ParOldGen       total 89600K, used 89162K [0x00000000c0000000, 0x00000000c5780000, 0x00000000eab00000)
  object space 89600K, 99% used [0x00000000c0000000,0x00000000c5712bf8,0x00000000c5780000)
 Metaspace       used 6535K, capacity 7256K, committed 7424K, reserved 1056768K
  class space    used 616K, capacity 656K, committed 768K, reserved 1048576K
}
Event: 8.590 GC heap before
{Heap before GC invocations=12 (full 2):
 PSYoungGen      total 221184K, used 12286K [0x00000000eab00000, 0x00000000fe100000, 0x0000000100000000)
  eden space 208896K, 0% used [0x00000000eab00000,0x00000000eab00000,0x00000000f7700000)
  from space 12288K, 99% used [0x00000000fa380000,0x00000000faf7fb68,0x00000000faf80000)
  to   space 45568K, 0% used [0x00000000f7700000,0x00000000f7700000,0x00000000fa380000)
 ParOldGen       total 89600K, used 89162K [0x00000000c0000000, 0x00000000c5780000, 0x00000000eab00000)
  object space 89600K, 99% used [0x00000000c0000000,0x00000000c5712bf8,0x00000000c5780000)
 Metaspace       used 6535K, capacity 7256K, committed 7424K, reserved 1056768K
  class space    used 616K, capacity 656K, committed 768K, reserved 1048576K
Event: 9.560 GC heap after
Heap after GC invocations=12 (full 2):
 PSYoungGen      total 221184K, used 7650K [0x00000000eab00000, 0x00000000fe100000, 0x0000000100000000)
  eden space 208896K, 0% used [0x00000000eab00000,0x00000000eab00000,0x00000000f7700000)
  from space 12288K, 62% used [0x00000000fa380000,0x00000000faaf8a68,0x00000000faf80000)
  to   space 45568K, 0% used [0x00000000f7700000,0x00000000f7700000,0x00000000fa380000)
 ParOldGen       total 155648K, used 89327K [0x00000000c0000000, 0x00000000c9800000, 0x00000000eab00000)
  object space 155648K, 57% used [0x00000000c0000000,0x00000000c573bc40,0x00000000c9800000)
 Metaspace       used 6535K, capacity 7256K, committed 7424K, reserved 1056768K
  class space    used 616K, capacity 656K, committed 768K, reserved 1048576K
}
Event: 10.670 GC heap before
{Heap before GC invocations=13 (full 2):
 PSYoungGen      total 221184K, used 216546K [0x00000000eab00000, 0x00000000fe100000, 0x0000000100000000)
  eden space 208896K, 100% used [0x00000000eab00000,0x00000000f7700000,0x00000000f7700000)
  from space 12288K, 62% used [0x00000000fa380000,0x00000000faaf8a68,0x00000000faf80000)
  to   space 45568K, 0% used [0x00000000f7700000,0x00000000f7700000,0x00000000fa380000)
 ParOldGen       total 155648K, used 89327K [0x00000000c0000000, 0x00000000c9800000, 0x00000000eab00000)
  object space 155648K, 57% used [0x00000000c0000000,0x00000000c573bc40,0x00000000c9800000)
 Metaspace       used 6542K, capacity 7320K, committed 7680K, reserved 1056768K
  class space    used 616K, capacity 656K, committed 768K, reserved 1048576K
Event: 11.011 GC heap after
Heap after GC invocations=13 (full 2):
 PSYoungGen      total 254464K, used 38301K [0x00000000eab00000, 0x0000000100000000, 0x0000000100000000)
  eden space 208896K, 0% used [0x00000000eab00000,0x00000000eab00000,0x00000000f7700000)
  from space 45568K, 84% used [0x00000000f7700000,0x00000000f9c67668,0x00000000fa380000)
  to   space 50688K, 0% used [0x00000000fce80000,0x00000000fce80000,0x0000000100000000)
 ParOldGen       total 155648K, used 89438K [0x00000000c0000000, 0x00000000c9800000, 0x00000000eab00000)
  object space 155648K, 57% used [0x00000000c0000000,0x00000000c5757a70,0x00000000c9800000)
 Metaspace       used 6542K, capacity 7320K, committed 7680K, reserved 1056768K
  class space    used 616K, capacity 656K, committed 768K, reserved 1048576K
}
Event: 11.663 GC heap before
{Heap before GC invocations=14 (full 2):
 PSYoungGen      total 254464K, used 247197K [0x00000000eab00000, 0x0000000100000000, 0x0000000100000000)
  eden space 208896K, 100% used [0x00000000eab00000,0x00000000f7700000,0x00000000f7700000)
  from space 45568K, 84% used [0x00000000f7700000,0x00000000f9c67668,0x00000000fa380000)
  to   space 50688K, 0% used [0x00000000fce80000,0x00000000fce80000,0x0000000100000000)
 ParOldGen       total 155648K, used 89438K [0x00000000c0000000, 0x00000000c9800000, 0x00000000eab00000)
  object space 155648K, 57% used [0x00000000c0000000,0x00000000c5757a70,0x00000000c9800000)
 Metaspace       used 6558K, capacity 7320K, committed 7680K, reserved 1056768K
  class space    used 616K, capacity 656K, committed 768K, reserved 1048576K
Event: 11.852 GC heap after
Heap after GC invocations=14 (full 2):
 PSYoungGen      total 268800K, used 50665K [0x00000000eab00000, 0x0000000100000000, 0x0000000100000000)
  eden space 218112K, 0% used [0x00000000eab00000,0x00000000eab00000,0x00000000f8000000)
  from space 50688K, 99% used [0x00000000fce80000,0x00000000ffffa438,0x0000000100000000)
  to   space 65536K, 0% used [0x00000000f8000000,0x00000000f8000000,0x00000000fc000000)
 ParOldGen       total 155648K, used 106430K [0x00000000c0000000, 0x00000000c9800000, 0x00000000eab00000)
  object space 155648K, 68% used [0x00000000c0000000,0x00000000c67efbf8,0x00000000c9800000)
 Metaspace       used 6558K, capacity 7320K, committed 7680K, reserved 1056768K
  class space    used 616K, capacity 656K, committed 768K, reserved 1048576K
}
Event: 12.757 GC heap before
{Heap before GC invocations=15 (full 2):
 PSYoungGen      total 268800K, used 268777K [0x00000000eab00000, 0x0000000100000000, 0x0000000100000000)
  eden space 218112K, 100% used [0x00000000eab00000,0x00000000f8000000,0x00000000f8000000)
  from space 50688K, 99% used [0x00000000fce80000,0x00000000ffffa438,0x0000000100000000)
  to   space 65536K, 0% used [0x00000000f8000000,0x00000000f8000000,0x00000000fc000000)
 ParOldGen       total 155648K, used 106430K [0x00000000c0000000, 0x00000000c9800000, 0x00000000eab00000)
  object space 155648K, 68% used [0x00000000c0000000,0x00000000c67efbf8,0x00000000c9800000)
 Metaspace       used 6568K, capacity 7320K, committed 7680K, reserved 1056768K
  class space    used 616K, capacity 656K, committed 768K, reserved 1048576K
Event: 12.916 GC heap after
Heap after GC invocations=15 (full 2):
 PSYoungGen      total 283648K, used 65520K [0x00000000eab00000, 0x0000000100000000, 0x0000000100000000)
  eden space 218112K, 0% used [0x00000000eab00000,0x00000000eab00000,0x00000000f8000000)
  from space 65536K, 99% used [0x00000000f8000000,0x00000000fbffc188,0x00000000fc000000)
  to   space 65536K, 0% used [0x00000000fc000000,0x00000000fc000000,0x0000000100000000)
 ParOldGen       total 155648K, used 127233K [0x00000000c0000000, 0x00000000c9800000, 0x00000000eab00000)
  object space 155648K, 81% used [0x00000000c0000000,0x00000000c7c40458,0x00000000c9800000)
 Metaspace       used 6568K, capacity 7320K, committed 7680K, reserved 1056768K
  class space    used 616K, capacity 656K, committed 768K, reserved 1048576K
}
Event: 12.916 GC heap before
{Heap before GC invocations=16 (full 3):
 PSYoungGen      total 283648K, used 65520K [0x00000000eab00000, 0x0000000100000000, 0x0000000100000000)
  eden space 218112K, 0% used [0x00000000eab00000,0x00000000eab00000,0x00000000f8000000)
  from space 65536K, 99% used [0x00000000f8000000,0x00000000fbffc188,0x00000000fc000000)
  to   space 65536K, 0% used [0x00000000fc000000,0x00000000fc000000,0x0000000100000000)
 ParOldGen       total 155648K, used 127233K [0x00000000c0000000, 0x00000000c9800000, 0x00000000eab00000)
  object space 155648K, 81% used [0x00000000c0000000,0x00000000c7c40458,0x00000000c9800000)
 Metaspace       used 6568K, capacity 7320K, committed 7680K, reserved 1056768K
  class space    used 616K, capacity 656K, committed 768K, reserved 1048576K

