# JRE version: Java(TM) SE Runtime Environment (8.0_101-b13) (build 1.8.0_101-b13)
# Java VM: Java HotSpot(TM) 64-Bit Server VM (25.101-b13 mixed mode linux-amd64 compressed oops)
Heap:
 PSYoungGen      total 202752K, used 15120K [0x00000000eab00000, 0x00000000fe980000, 0x0000000100000000)
  eden space 112128K, 0% used [0x00000000eab00000,0x00000000eab00000,0x00000000f1880000)
  from space 90624K, 16% used [0x00000000f1880000,0x00000000f2744370,0x00000000f7100000)
  to   space 86016K, 0% used [0x00000000f9580000,0x00000000f9580000,0x00000000fe980000)
 ParOldGen       total 192000K, used 191498K [0x00000000c0000000, 0x00000000cbb80000, 0x00000000eab00000)
  object space 192000K, 99% used [0x00000000c0000000,0x00000000cbb029e0,0x00000000cbb80000)
 Metaspace       used 6386K, capacity 7192K, committed 7424K, reserved 1056768K
  class space    used 611K, capacity 656K, committed 768K, reserved 1048576K
GC Heap History (10 events):
Event: 13.882 GC heap after
Heap after GC invocations=11 (full 1):
 PSYoungGen      total 148992K, used 39911K [0x00000000eab00000, 0x00000000fab00000, 0x0000000100000000)
  eden space 109056K, 0% used [0x00000000eab00000,0x00000000eab00000,0x00000000f1580000)
  from space 39936K, 99% used [0x00000000f5300000,0x00000000f79f9fa0,0x00000000f7a00000)
  to   space 62976K, 0% used [0x00000000f1580000,0x00000000f1580000,0x00000000f5300000)
 ParOldGen       total 103424K, used 103060K [0x00000000c0000000, 0x00000000c6500000, 0x00000000eab00000)
  object space 103424K, 99% used [0x00000000c0000000,0x00000000c64a5008,0x00000000c6500000)
 Metaspace       used 6322K, capacity 7192K, committed 7424K, reserved 1056768K
  class space    used 611K, capacity 656K, committed 768K, reserved 1048576K
}
Event: 13.882 GC heap before
{Heap before GC invocations=12 (full 2):
 PSYoungGen      total 148992K, used 39911K [0x00000000eab00000, 0x00000000fab00000, 0x0000000100000000)
  eden space 109056K, 0% used [0x00000000eab00000,0x00000000eab00000,0x00000000f1580000)
  from space 39936K, 99% used [0x00000000f5300000,0x00000000f79f9fa0,0x00000000f7a00000)
  to   space 62976K, 0% used [0x00000000f1580000,0x00000000f1580000,0x00000000f5300000)
 ParOldGen       total 103424K, used 103060K [0x00000000c0000000, 0x00000000c6500000, 0x00000000eab00000)
  object space 103424K, 99% used [0x00000000c0000000,0x00000000c64a5008,0x00000000c6500000)
 Metaspace       used 6322K, capacity 7192K, committed 7424K, reserved 1056768K
  class space    used 611K, capacity 656K, committed 768K, reserved 1048576K
Event: 15.033 GC heap after
Heap after GC invocations=12 (full 2):
 PSYoungGen      total 148992K, used 0K [0x00000000eab00000, 0x00000000fab00000, 0x0000000100000000)
  eden space 109056K, 0% used [0x00000000eab00000,0x00000000eab00000,0x00000000f1580000)
  from space 39936K, 0% used [0x00000000f5300000,0x00000000f5300000,0x00000000f7a00000)
  to   space 62976K, 0% used [0x00000000f1580000,0x00000000f1580000,0x00000000f5300000)
 ParOldGen       total 169472K, used 97820K [0x00000000c0000000, 0x00000000ca580000, 0x00000000eab00000)
  object space 169472K, 57% used [0x00000000c0000000,0x00000000c5f870c8,0x00000000ca580000)
 Metaspace       used 6322K, capacity 7192K, committed 7424K, reserved 1056768K
  class space    used 611K, capacity 656K, committed 768K, reserved 1048576K
}
Event: 15.552 GC heap before
{Heap before GC invocations=13 (full 2):
 PSYoungGen      total 148992K, used 109056K [0x00000000eab00000, 0x00000000fab00000, 0x0000000100000000)
  eden space 109056K, 100% used [0x00000000eab00000,0x00000000f1580000,0x00000000f1580000)
  from space 39936K, 0% used [0x00000000f5300000,0x00000000f5300000,0x00000000f7a00000)
  to   space 62976K, 0% used [0x00000000f1580000,0x00000000f1580000,0x00000000f5300000)
 ParOldGen       total 169472K, used 97820K [0x00000000c0000000, 0x00000000ca580000, 0x00000000eab00000)
  object space 169472K, 57% used [0x00000000c0000000,0x00000000c5f870c8,0x00000000ca580000)
 Metaspace       used 6349K, capacity 7192K, committed 7424K, reserved 1056768K
  class space    used 611K, capacity 656K, committed 768K, reserved 1048576K
Event: 15.789 GC heap after
Heap after GC invocations=13 (full 2):
 PSYoungGen      total 172032K, used 48885K [0x00000000eab00000, 0x00000000fb480000, 0x0000000100000000)
  eden space 109056K, 0% used [0x00000000eab00000,0x00000000eab00000,0x00000000f1580000)
  from space 62976K, 77% used [0x00000000f1580000,0x00000000f453d618,0x00000000f5300000)
  to   space 69120K, 0% used [0x00000000f7100000,0x00000000f7100000,0x00000000fb480000)
 ParOldGen       total 169472K, used 97828K [0x00000000c0000000, 0x00000000ca580000, 0x00000000eab00000)
  object space 169472K, 57% used [0x00000000c0000000,0x00000000c5f890c8,0x00000000ca580000)
 Metaspace       used 6349K, capacity 7192K, committed 7424K, reserved 1056768K
  class space    used 611K, capacity 656K, committed 768K, reserved 1048576K
}
Event: 16.564 GC heap before
{Heap before GC invocations=14 (full 2):
 PSYoungGen      total 172032K, used 157941K [0x00000000eab00000, 0x00000000fb480000, 0x0000000100000000)
  eden space 109056K, 100% used [0x00000000eab00000,0x00000000f1580000,0x00000000f1580000)
  from space 62976K, 77% used [0x00000000f1580000,0x00000000f453d618,0x00000000f5300000)
  to   space 69120K, 0% used [0x00000000f7100000,0x00000000f7100000,0x00000000fb480000)
 ParOldGen       total 169472K, used 97828K [0x00000000c0000000, 0x00000000ca580000, 0x00000000eab00000)
  object space 169472K, 57% used [0x00000000c0000000,0x00000000c5f890c8,0x00000000ca580000)
 Metaspace       used 6370K, capacity 7192K, committed 7424K, reserved 1056768K
  class space    used 611K, capacity 656K, committed 768K, reserved 1048576K
Event: 17.070 GC heap after
Heap after GC invocations=14 (full 2):
 PSYoungGen      total 181248K, used 69106K [0x00000000eab00000, 0x00000000fe780000, 0x0000000100000000)
  eden space 112128K, 0% used [0x00000000eab00000,0x00000000eab00000,0x00000000f1880000)
  from space 69120K, 99% used [0x00000000f7100000,0x00000000fb47cb20,0x00000000fb480000)
  to   space 90624K, 0% used [0x00000000f1880000,0x00000000f1880000,0x00000000f7100000)
 ParOldGen       total 169472K, used 123353K [0x00000000c0000000, 0x00000000ca580000, 0x00000000eab00000)
  object space 169472K, 72% used [0x00000000c0000000,0x00000000c7876640,0x00000000ca580000)
 Metaspace       used 6370K, capacity 7192K, committed 7424K, reserved 1056768K
  class space    used 611K, capacity 656K, committed 768K, reserved 1048576K
}
Event: 17.592 GC heap before
{Heap before GC invocations=15 (full 2):
 PSYoungGen      total 181248K, used 181234K [0x00000000eab00000, 0x00000000fe780000, 0x0000000100000000)
  eden space 112128K, 100% used [0x00000000eab00000,0x00000000f1880000,0x00000000f1880000)
  from space 69120K, 99% used [0x00000000f7100000,0x00000000fb47cb20,0x00000000fb480000)
  to   space 90624K, 0% used [0x00000000f1880000,0x00000000f1880000,0x00000000f7100000)
 ParOldGen       total 169472K, used 123353K [0x00000000c0000000, 0x00000000ca580000, 0x00000000eab00000)
  object space 169472K, 72% used [0x00000000c0000000,0x00000000c7876640,0x00000000ca580000)
 Metaspace       used 6386K, capacity 7192K, committed 7424K, reserved 1056768K
  class space    used 611K, capacity 656K, committed 768K, reserved 1048576K
Event: 18.160 GC heap after
Heap after GC invocations=15 (full 2):
 PSYoungGen      total 202752K, used 23043K [0x00000000eab00000, 0x00000000fe980000, 0x0000000100000000)
  eden space 112128K, 0% used [0x00000000eab00000,0x00000000eab00000,0x00000000f1880000)
  from space 90624K, 25% used [0x00000000f1880000,0x00000000f2f00e58,0x00000000f7100000)
  to   space 86016K, 0% used [0x00000000f9580000,0x00000000f9580000,0x00000000fe980000)
 ParOldGen       total 192000K, used 191683K [0x00000000c0000000, 0x00000000cbb80000, 0x00000000eab00000)
  object space 192000K, 99% used [0x00000000c0000000,0x00000000cbb30f10,0x00000000cbb80000)
 Metaspace       used 6386K, capacity 7192K, committed 7424K, reserved 1056768K
  class space    used 611K, capacity 656K, committed 768K, reserved 1048576K
}
Event: 18.160 GC heap before
{Heap before GC invocations=16 (full 3):
 PSYoungGen      total 202752K, used 23043K [0x00000000eab00000, 0x00000000fe980000, 0x0000000100000000)
  eden space 112128K, 0% used [0x00000000eab00000,0x00000000eab00000,0x00000000f1880000)
  from space 90624K, 25% used [0x00000000f1880000,0x00000000f2f00e58,0x00000000f7100000)
  to   space 86016K, 0% used [0x00000000f9580000,0x00000000f9580000,0x00000000fe980000)
 ParOldGen       total 192000K, used 191683K [0x00000000c0000000, 0x00000000cbb80000, 0x00000000eab00000)
  object space 192000K, 99% used [0x00000000c0000000,0x00000000cbb30f10,0x00000000cbb80000)
 Metaspace       used 6386K, capacity 7192K, committed 7424K, reserved 1056768K
  class space    used 611K, capacity 656K, committed 768K, reserved 1048576K

